info it worked if it ends with ok
verbose cli [ 'node', '/usr/bin/npm', 'install', 'nodemon' ]
info using npm@1.1.4
info using node@v0.6.12
verbose config file /home/ubuntu/.npmrc
verbose config file /usr/etc/npmrc
verbose config file /usr/share/npm/npmrc
verbose caching /home/squall0032/git/Doug/package.json
verbose loadDefaults application-name@0.0.1
verbose caching /home/squall0032/git/Doug/node_modules/cookie-parser/package.json
verbose loadDefaults cookie-parser@1.0.1
verbose caching /home/squall0032/git/Doug/node_modules/body-parser/package.json
verbose loadDefaults body-parser@1.0.2
verbose caching /home/squall0032/git/Doug/node_modules/morgan/package.json
verbose loadDefaults morgan@1.0.1
verbose caching /home/squall0032/git/Doug/node_modules/ejs/package.json
verbose loadDefaults ejs@0.8.8
verbose caching /home/squall0032/git/Doug/node_modules/express/package.json
verbose loadDefaults express@3.4.8
verbose caching /home/squall0032/git/Doug/node_modules/passport-local/package.json
verbose loadDefaults passport-local@1.0.0
verbose caching /home/squall0032/git/Doug/node_modules/static-favicon/package.json
verbose loadDefaults static-favicon@1.0.2
verbose caching /home/squall0032/git/Doug/node_modules/jquery-file-upload-middleware/package.json
verbose loadDefaults jquery-file-upload-middleware@0.1.5
verbose caching /home/squall0032/git/Doug/node_modules/passport/package.json
verbose loadDefaults passport@0.2.0
verbose caching /home/squall0032/git/Doug/node_modules/express-session/package.json
verbose loadDefaults express-session@1.6.5
verbose caching /home/squall0032/git/Doug/node_modules/debug/package.json
verbose loadDefaults debug@0.7.4
verbose caching /home/squall0032/git/Doug/node_modules/mongoose/package.json
verbose loadDefaults mongoose@3.8.13
verbose from cache /home/squall0032/git/Doug/package.json
verbose readDependencies: using package.json deps
verbose cache add [ 'nodemon', null ]
silly cache add: name, spec, args [ undefined, 'nodemon', [ 'nodemon', null ] ]
verbose parsed url { pathname: 'nodemon', path: 'nodemon', href: 'nodemon' }
verbose addNamed [ 'nodemon', '' ]
verbose addNamed [ null, '' ]
silly name, range, hasData [ 'nodemon', '', false ]
verbose raw, before any munging nodemon
verbose url resolving [ 'https://registry.npmjs.org/', './nodemon' ]
verbose url resolved https://registry.npmjs.org/nodemon
http GET https://registry.npmjs.org/nodemon
ERR! Error: failed to fetch from registry: nodemon
ERR!     at /usr/share/npm/lib/utils/npm-registry-client/get.js:139:12
ERR!     at cb (/usr/share/npm/lib/utils/npm-registry-client/request.js:31:9)
ERR!     at Request._callback (/usr/share/npm/lib/utils/npm-registry-client/request.js:136:18)
ERR!     at Request.callback (/usr/lib/nodejs/request/main.js:119:22)
ERR!     at Request.<anonymous> (/usr/lib/nodejs/request/main.js:212:58)
ERR!     at Request.emit (events.js:88:20)
ERR!     at ClientRequest.<anonymous> (/usr/lib/nodejs/request/main.js:412:12)
ERR!     at ClientRequest.emit (events.js:67:17)
ERR!     at HTTPParser.onIncoming (http.js:1261:11)
ERR!     at HTTPParser.onHeadersComplete (http.js:102:31)
ERR! You may report this log at:
ERR!     <http://bugs.debian.org/npm>
ERR! or use
ERR!     reportbug --attach /home/squall0032/git/Doug/bin/npm-debug.log npm
ERR! 
ERR! System Linux 3.2.0-54-virtual
ERR! command "node" "/usr/bin/npm" "install" "nodemon"
ERR! cwd /home/squall0032/git/Doug/bin
ERR! node -v v0.6.12
ERR! npm -v 1.1.4
ERR! message failed to fetch from registry: nodemon
verbose exit [ 1, true ]
